0 info it worked if it ends with ok
1 verbose cli [ '/home/ubuntu/.nvm/versions/node/v4.7.3/bin/node',
1 verbose cli   '/home/ubuntu/.nvm/versions/node/v4.7.3/bin/npm',
1 verbose cli   'install',
1 verbose cli   'node' ]
2 info using npm@2.15.11
3 info using node@v4.7.3
4 verbose install initial load of /home/ubuntu/workspace/package.json
5 verbose readDependencies loading dependencies from /home/ubuntu/workspace/package.json
6 silly cache add args [ 'node', null ]
7 verbose cache add spec node
8 silly cache add parsed spec Result {
8 silly cache add   raw: 'node',
8 silly cache add   scope: null,
8 silly cache add   name: 'node',
8 silly cache add   rawSpec: '',
8 silly cache add   spec: 'latest',
8 silly cache add   type: 'tag' }
9 silly addNamed node@latest
10 verbose addNamed "latest" is being treated as a dist-tag for node
11 info addNameTag [ 'node', 'latest' ]
12 silly mapToRegistry name node
13 silly mapToRegistry using default registry
14 silly mapToRegistry registry https://registry.npmjs.org/
15 silly mapToRegistry data Result {
15 silly mapToRegistry   raw: 'node',
15 silly mapToRegistry   scope: null,
15 silly mapToRegistry   name: 'node',
15 silly mapToRegistry   rawSpec: '',
15 silly mapToRegistry   spec: 'latest',
15 silly mapToRegistry   type: 'tag' }
16 silly mapToRegistry uri https://registry.npmjs.org/node
17 verbose addNameTag registry:https://registry.npmjs.org/node not in flight; fetching
18 verbose request uri https://registry.npmjs.org/node
19 verbose request no auth needed
20 info attempt registry request try #1 at 6:29:07 AM
21 verbose request id ebc8b08b539428a0
22 http request GET https://registry.npmjs.org/node
23 http 200 https://registry.npmjs.org/node
24 verbose headers { server: 'nginx/1.10.1',
24 verbose headers   'content-type': 'application/json',
24 verbose headers   'last-modified': 'Fri, 11 Aug 2017 14:46:16 GMT',
24 verbose headers   etag: 'W/"598dc338-4e327"',
24 verbose headers   'content-encoding': 'gzip',
24 verbose headers   'cache-control': 'max-age=300',
24 verbose headers   'content-length': '51482',
24 verbose headers   'accept-ranges': 'bytes',
24 verbose headers   date: 'Thu, 31 Aug 2017 06:29:08 GMT',
24 verbose headers   via: '1.1 varnish',
24 verbose headers   age: '0',
24 verbose headers   connection: 'keep-alive',
24 verbose headers   'x-served-by': 'cache-ord1737-ORD',
24 verbose headers   'x-cache': 'MISS',
24 verbose headers   'x-cache-hits': '0',
24 verbose headers   'x-timer': 'S1504160948.149430,VS0,VE60',
24 verbose headers   vary: 'Accept-Encoding, Accept' }
25 silly get cb [ 200,
25 silly get   { server: 'nginx/1.10.1',
25 silly get     'content-type': 'application/json',
25 silly get     'last-modified': 'Fri, 11 Aug 2017 14:46:16 GMT',
25 silly get     etag: 'W/"598dc338-4e327"',
25 silly get     'content-encoding': 'gzip',
25 silly get     'cache-control': 'max-age=300',
25 silly get     'content-length': '51482',
25 silly get     'accept-ranges': 'bytes',
25 silly get     date: 'Thu, 31 Aug 2017 06:29:08 GMT',
25 silly get     via: '1.1 varnish',
25 silly get     age: '0',
25 silly get     connection: 'keep-alive',
25 silly get     'x-served-by': 'cache-ord1737-ORD',
25 silly get     'x-cache': 'MISS',
25 silly get     'x-cache-hits': '0',
25 silly get     'x-timer': 'S1504160948.149430,VS0,VE60',
25 silly get     vary: 'Accept-Encoding, Accept' } ]
26 verbose get saving node to /home/ubuntu/.npm/registry.npmjs.org/node/.cache.json
27 verbose correctMkdir /home/ubuntu/.npm correctMkdir not in flight; initializing
28 silly addNameTag next cb for node with tag latest
29 silly addNamed node@8.3.0
30 verbose addNamed "8.3.0" is a plain semver version for node
31 silly mapToRegistry name node
32 silly mapToRegistry using default registry
33 silly mapToRegistry registry https://registry.npmjs.org/
34 silly mapToRegistry data Result {
34 silly mapToRegistry   raw: 'node',
34 silly mapToRegistry   scope: null,
34 silly mapToRegistry   name: 'node',
34 silly mapToRegistry   rawSpec: '',
34 silly mapToRegistry   spec: 'latest',
34 silly mapToRegistry   type: 'tag' }
35 silly mapToRegistry uri https://registry.npmjs.org/node
36 verbose addRemoteTarball https://registry.npmjs.org/node/-/node-8.3.0.tgz not in flight; adding
37 verbose addRemoteTarball [ 'https://registry.npmjs.org/node/-/node-8.3.0.tgz',
37 verbose addRemoteTarball   '478e84ffcc4be39938306ace1c4613c8231e5f44' ]
38 info retry fetch attempt 1 at 6:29:08 AM
39 info attempt registry request try #1 at 6:29:08 AM
40 http fetch GET https://registry.npmjs.org/node/-/node-8.3.0.tgz
41 http fetch 200 https://registry.npmjs.org/node/-/node-8.3.0.tgz
42 silly fetchAndShaCheck shasum 478e84ffcc4be39938306ace1c4613c8231e5f44
43 verbose addTmpTarball /tmp/npm-6720-330c708e/registry.npmjs.org/node/-/node-8.3.0.tgz not in flight; adding
44 verbose addTmpTarball already have metadata; skipping unpack for node@8.3.0
45 verbose correctMkdir /home/ubuntu/.npm correctMkdir not in flight; initializing
46 silly cache afterAdd node@8.3.0
47 verbose afterAdd /home/ubuntu/.npm/node/8.3.0/package/package.json not in flight; writing
48 verbose correctMkdir /home/ubuntu/.npm correctMkdir not in flight; initializing
49 verbose afterAdd /home/ubuntu/.npm/node/8.3.0/package/package.json written
50 silly install resolved [ { name: 'node',
50 silly install resolved     version: '8.3.0',
50 silly install resolved     description: 'node',
50 silly install resolved     main: 'index.js',
50 silly install resolved     keywords: [ 'runtime' ],
50 silly install resolved     scripts: { preinstall: 'node installArchSpecificPackage' },
50 silly install resolved     bin: { node: 'bin/node' },
50 silly install resolved     dependencies: { 'node-bin-setup': '^1.0.0' },
50 silly install resolved     license: 'ISC',
50 silly install resolved     author: '',
50 silly install resolved     engines: { npm: '>=5.0.0' },
50 silly install resolved     _id: 'node@8.3.0',
50 silly install resolved     _npmVersion: '5.3.0',
50 silly install resolved     _nodeVersion: '8.2.1',
50 silly install resolved     _npmUser: { name: 'aredridel', email: 'aredridel@dinhe.net' },
50 silly install resolved     dist:
50 silly install resolved      { integrity: 'sha512-RU3iQgXeDBU45dv6BrfDrgTyUjJk1yorN64l0sce+E+2pZzFbRbBicPMBD/hWjo0GSMnA5a+RwFtWwHNDlojaw==',
50 silly install resolved        shasum: '478e84ffcc4be39938306ace1c4613c8231e5f44',
50 silly install resolved        tarball: 'https://registry.npmjs.org/node/-/node-8.3.0.tgz' },
50 silly install resolved     maintainers: [ [Object], [Object] ],
50 silly install resolved     _npmOperationalInternal:
50 silly install resolved      { host: 's3://npm-registry-packages',
50 silly install resolved        tmp: 'tmp/node-8.3.0.tgz_1502462775610_0.9039400962647051' },
50 silly install resolved     directories: {},
50 silly install resolved     _shasum: '478e84ffcc4be39938306ace1c4613c8231e5f44',
50 silly install resolved     _resolved: 'https://registry.npmjs.org/node/-/node-8.3.0.tgz',
50 silly install resolved     _from: 'node@latest' } ]
51 info install node@8.3.0 into /home/ubuntu/workspace
52 info installOne node@8.3.0
53 verbose installOne of node to /home/ubuntu/workspace not in flight; installing
54 verbose correctMkdir /home/ubuntu/.npm/_locks correctMkdir not in flight; initializing
55 verbose lock using /home/ubuntu/.npm/_locks/node-fa8119f209316c33.lock for /home/ubuntu/workspace/node_modules/node
56 warn engine node@8.3.0: wanted: {"npm":">=5.0.0"} (current: {"node":"4.7.3","npm":"2.15.11"})
57 silly install write writing node 8.3.0 to /home/ubuntu/workspace/node_modules/node
58 verbose unbuild node_modules/node
59 silly gentlyRm /home/ubuntu/workspace/node_modules/node is being purged from base /home/ubuntu/workspace
60 verbose gentlyRm don't care about contents; nuking /home/ubuntu/workspace/node_modules/node
61 verbose tar unpack /home/ubuntu/.npm/node/8.3.0/package.tgz
62 verbose tar unpacking to /home/ubuntu/workspace/node_modules/node
63 silly gentlyRm /home/ubuntu/workspace/node_modules/node is being purged
64 verbose gentlyRm don't care about contents; nuking /home/ubuntu/workspace/node_modules/node
65 silly gunzTarPerm modes [ '755', '644' ]
66 silly gunzTarPerm extractEntry package.json
67 silly gunzTarPerm extractEntry README.md
68 silly gunzTarPerm extractEntry installArchSpecificPackage.js
69 verbose write writing to /home/ubuntu/workspace/node_modules/node/package.json
70 info preinstall node@8.3.0
71 verbose unsafe-perm in lifecycle true
72 info node@8.3.0 Failed to exec preinstall script
73 verbose unlock done using /home/ubuntu/.npm/_locks/node-fa8119f209316c33.lock for /home/ubuntu/workspace/node_modules/node
74 verbose stack Error: node@8.3.0 preinstall: `node installArchSpecificPackage`
74 verbose stack Exit status 1
74 verbose stack     at EventEmitter.<anonymous> (/home/ubuntu/.nvm/versions/node/v4.7.3/lib/node_modules/npm/lib/utils/lifecycle.js:217:16)
74 verbose stack     at emitTwo (events.js:87:13)
74 verbose stack     at EventEmitter.emit (events.js:172:7)
74 verbose stack     at ChildProcess.<anonymous> (/home/ubuntu/.nvm/versions/node/v4.7.3/lib/node_modules/npm/lib/utils/spawn.js:24:14)
74 verbose stack     at emitTwo (events.js:87:13)
74 verbose stack     at ChildProcess.emit (events.js:172:7)
74 verbose stack     at maybeClose (internal/child_process.js:854:16)
74 verbose stack     at Process.ChildProcess._handle.onexit (internal/child_process.js:222:5)
75 verbose pkgid node@8.3.0
76 verbose cwd /home/ubuntu/workspace
77 error Linux 4.9.17-c9
78 error argv "/home/ubuntu/.nvm/versions/node/v4.7.3/bin/node" "/home/ubuntu/.nvm/versions/node/v4.7.3/bin/npm" "install" "node"
79 error node v4.7.3
80 error npm  v2.15.11
81 error code ELIFECYCLE
82 error node@8.3.0 preinstall: `node installArchSpecificPackage`
82 error Exit status 1
83 error Failed at the node@8.3.0 preinstall script 'node installArchSpecificPackage'.
83 error This is most likely a problem with the node package,
83 error not with npm itself.
83 error Tell the author that this fails on your system:
83 error     node installArchSpecificPackage
83 error You can get information on how to open an issue for this project with:
83 error     npm bugs node
83 error Or if that isn't available, you can get their info via:
83 error
83 error     npm owner ls node
83 error There is likely additional logging output above.
84 verbose exit [ 1, true ]
85 verbose unbuild node_modules/node
86 info preuninstall node@8.3.0
87 info uninstall node@8.3.0
88 verbose unbuild rmStuff node@8.3.0 from /home/ubuntu/workspace/node_modules
89 silly gentlyRm /home/ubuntu/workspace/node_modules/.bin/node is being gently removed
90 silly gentlyRm verifying /home/ubuntu/workspace is an npm working directory
91 silly gentlyRm containing path /home/ubuntu/workspace is under npm's control, in /home/ubuntu/workspace
92 silly gentlyRm deletion target /home/ubuntu/workspace/node_modules/.bin/node is under /home/ubuntu/workspace
93 verbose gentlyRm vacuuming from /home/ubuntu/workspace/node_modules/.bin/node up to /home/ubuntu/workspace
94 info postuninstall node@8.3.0
95 silly gentlyRm /home/ubuntu/workspace/node_modules/node is being purged from base /home/ubuntu/workspace
96 verbose gentlyRm don't care about contents; nuking /home/ubuntu/workspace/node_modules/node
97 silly vacuum-fs purging /home/ubuntu/workspace/node_modules/node
98 silly vacuum-fs removing /home/ubuntu/workspace/node_modules
99 silly vacuum-fs finished vacuuming up to /home/ubuntu/workspace
